/apps/synopsys/SYNTH/auxx/gui/dv/dv_setup.tcl
/apps/synopsys/SYNTH/auxx/gui/syn/snpsSynProcs.tcl
/apps/synopsys/SYNTH/auxx/tcllib/lib/tcl8.5/tm.tcl
/apps/synopsys/SYNTH/auxx/tcllib/lib/tcl8.5/package.tcl
/apps/synopsys/SYNTH/auxx/gui/syn/layout/pkgIndex.tcl
/apps/synopsys/SYNTH/auxx/gui/common/tiledview/pkgIndex.tcl
/apps/synopsys/SYNTH/auxx/gui/common/mrupalette/pkgIndex.tcl
/apps/synopsys/SYNTH/auxx/gui/common/qtcl/pkgIndex.tcl
/apps/synopsys/SYNTH/auxx/gui/common/docBrowser/pkgIndex.tcl
/apps/synopsys/SYNTH/auxx/gui/common/select/pkgIndex.tcl
/apps/synopsys/SYNTH/auxx/gui/common/pathinspector/pkgIndex.tcl
/apps/synopsys/SYNTH/auxx/gui/common/WindowFrameWork/pkgIndex.tcl
/apps/synopsys/SYNTH/auxx/gui/common/tcl-dp/pkgIndex.tcl
/apps/synopsys/SYNTH/auxx/gui/common/misc/pkgIndex.tcl
/apps/synopsys/SYNTH/auxx/gui/common/strokes/pkgIndex.tcl
/apps/synopsys/SYNTH/auxx/gui/common/profiler/pkgIndex.tcl
/apps/synopsys/SYNTH/auxx/gui/common/opdlg/pkgIndex.tcl
/apps/synopsys/SYNTH/auxx/gui/common/libviewer/pkgIndex.tcl
/apps/synopsys/SYNTH/auxx/gui/common/acg/pkgIndex.tcl
/apps/synopsys/SYNTH/auxx/gui/common/schematic/pkgIndex.tcl
/apps/synopsys/SYNTH/auxx/gui/common/highlight/pkgIndex.tcl
/apps/synopsys/SYNTH/auxx/gui/common/commandform/pkgIndex.tcl
/apps/synopsys/SYNTH/auxx/gui/common/layout/pkgIndex.tcl
/apps/synopsys/SYNTH/auxx/gui/common/regressionToolkit/pkgIndex.tcl
/apps/synopsys/SYNTH/auxx/gui/common/hierarchy/pkgIndex.tcl
/apps/synopsys/SYNTH/auxx/gui/common/tq/pkgIndex.tcl
/apps/synopsys/SYNTH/auxx/gui/common/timing/pkgIndex.tcl
/apps/synopsys/SYNTH/auxx/gui/common/table/pkgIndex.tcl
/apps/synopsys/SYNTH/auxx/gui/common/fanoutviewer/pkgIndex.tcl
/apps/synopsys/SYNTH/auxx/gui/common/setup/pkgIndex.tcl
/apps/synopsys/SYNTH/auxx/gui/common/menus/pkgIndex.tcl
/apps/synopsys/SYNTH/auxx/gui/common/dialogs/pkgIndex.tcl
/apps/synopsys/SYNTH/auxx/gui/common/palettegroup/pkgIndex.tcl
/apps/synopsys/SYNTH/auxx/gui/common/histogram/pkgIndex.tcl
/apps/synopsys/SYNTH/auxx/gui/common/view/pkgIndex.tcl
/apps/synopsys/SYNTH/auxx/gui/dv/pkgIndex.tcl
/apps/synopsys/SYNTH/auxx/tcllib/snps_tcl/snpsUtils/pkgIndex.tcl
/apps/synopsys/SYNTH/auxx/tcllib/snps_tcl/snpsTclPro/pkgIndex.tcl
/apps/synopsys/SYNTH/auxx/tcllib/snps_tcl/snpsTest/pkgIndex.tcl
/apps/synopsys/SYNTH/auxx/tcllib/snps_tcl/pkgIndex.tcl
/apps/synopsys/SYNTH/auxx/tcllib/lib/tcl8.5/dde/pkgIndex.tcl
/apps/synopsys/SYNTH/auxx/tcllib/lib/tcl8.5/platform/pkgIndex.tcl
